<?xml version="1.0" encoding="UTF-8"?>
<!-- Generated by org.testng.reporters.JUnitXMLReporter -->
<testsuite ignored="0" hostname="DESKTOP-O3UJKIC" failures="0" tests="4" name="Login Page Test - ch - 91.0" time="66.376" errors="0" timestamp="2022-03-08T20:10:16 IST">
  <testcase classname="com.qa.opencart.tests.LoginPageTest" name="forgotPwdLinkTest" time="2.002"/>
  <testcase classname="com.qa.opencart.tests.LoginPageTest" name="loginPageTitleTest" time="0.096"/>
  <testcase classname="com.qa.opencart.tests.LoginPageTest" name="loginPageURLTest" time="0.024"/>
  <testcase classname="com.qa.opencart.tests.LoginPageTest" name="loginTest" time="15.618"/>
</testsuite> <!-- Login Page Test - ch - 91.0 -->
