<?xml version="1.0" encoding="UTF-8"?>
<testng-results ignored="0" total="4" passed="4" failed="0" skipped="0">
  <reporter-output>
  </reporter-output>
  <suite started-at="2022-03-08T20:09:10 IST" name="Open Cart Regression Test Suite" finished-at="2022-03-08T20:10:16 IST" duration-ms="66376">
    <groups>
    </groups>
    <test started-at="2022-03-08T20:09:10 IST" name="Login Page Test - ch - 91.0" finished-at="2022-03-08T20:10:16 IST" duration-ms="66376">
      <class name="com.qa.opencart.tests.LoginPageTest">
        <test-method is-config="true" signature="setUp(java.lang.String,java.lang.String)[pri:0, instance:com.qa.opencart.tests.LoginPageTest@25f15f50]" started-at="2022-03-08T20:09:10 IST" name="setUp" finished-at="2022-03-08T20:09:54 IST" duration-ms="44575" status="PASS">
          <params>
            <param index="0">
              <value>
                <![CDATA[chrome]]>
              </value>
            </param>
            <param index="1">
              <value>
                <![CDATA[83.0]]>
              </value>
            </param>
          </params>
          <reporter-output>
          </reporter-output>
        </test-method> <!-- setUp -->
        <test-method signature="forgotPwdLinkTest()[pri:0, instance:com.qa.opencart.tests.LoginPageTest@25f15f50]" started-at="2022-03-08T20:09:55 IST" name="forgotPwdLinkTest" finished-at="2022-03-08T20:09:57 IST" duration-ms="2002" status="PASS">
          <reporter-output>
          </reporter-output>
        </test-method> <!-- forgotPwdLinkTest -->
        <test-method signature="loginPageTitleTest()[pri:0, instance:com.qa.opencart.tests.LoginPageTest@25f15f50]" started-at="2022-03-08T20:09:57 IST" name="loginPageTitleTest" finished-at="2022-03-08T20:09:57 IST" duration-ms="96" status="PASS">
          <reporter-output>
          </reporter-output>
        </test-method> <!-- loginPageTitleTest -->
        <test-method signature="loginPageURLTest()[pri:0, instance:com.qa.opencart.tests.LoginPageTest@25f15f50]" started-at="2022-03-08T20:09:57 IST" name="loginPageURLTest" finished-at="2022-03-08T20:09:57 IST" duration-ms="24" status="PASS">
          <reporter-output>
          </reporter-output>
        </test-method> <!-- loginPageURLTest -->
        <test-method signature="loginTest()[pri:0, instance:com.qa.opencart.tests.LoginPageTest@25f15f50]" started-at="2022-03-08T20:09:57 IST" name="loginTest" description="login test with correct username and password" finished-at="2022-03-08T20:10:13 IST" duration-ms="15618" status="PASS">
          <reporter-output>
          </reporter-output>
        </test-method> <!-- loginTest -->
        <test-method is-config="true" signature="tearDown()[pri:0, instance:com.qa.opencart.tests.LoginPageTest@25f15f50]" started-at="2022-03-08T20:10:13 IST" name="tearDown" finished-at="2022-03-08T20:10:16 IST" duration-ms="3387" status="PASS">
          <reporter-output>
          </reporter-output>
        </test-method> <!-- tearDown -->
        <test-method is-config="true" signature="sendTestNGReports()[pri:0, instance:com.qa.opencart.tests.LoginPageTest@25f15f50]" started-at="2022-03-08T20:10:18 IST" name="sendTestNGReports" finished-at="2022-03-08T20:10:24 IST" duration-ms="5679" status="FAIL">
          <exception class="java.lang.IllegalArgumentException">
            <message>
              <![CDATA[profile file cannot be null]]>
            </message>
            <full-stacktrace>
              <![CDATA[java.lang.IllegalArgumentException: profile file cannot be null
at com.amazonaws.util.ValidationUtils.assertNotNull(ValidationUtils.java:37)
at com.amazonaws.auth.profile.ProfilesConfigFile.<init>(ProfilesConfigFile.java:142)
at com.amazonaws.auth.profile.ProfilesConfigFile.<init>(ProfilesConfigFile.java:133)
at com.amazonaws.auth.profile.ProfilesConfigFile.<init>(ProfilesConfigFile.java:100)
at com.amazonaws.auth.profile.ProfileCredentialsProvider.getCredentials(ProfileCredentialsProvider.java:135)
at com.amazonaws.http.AmazonHttpClient$RequestExecutor.getCredentialsFromContext(AmazonHttpClient.java:1266)
at com.amazonaws.http.AmazonHttpClient$RequestExecutor.runBeforeRequestHandlers(AmazonHttpClient.java:842)
at com.amazonaws.http.AmazonHttpClient$RequestExecutor.doExecute(AmazonHttpClient.java:792)
at com.amazonaws.http.AmazonHttpClient$RequestExecutor.executeWithTimer(AmazonHttpClient.java:779)
at com.amazonaws.http.AmazonHttpClient$RequestExecutor.execute(AmazonHttpClient.java:753)
at com.amazonaws.http.AmazonHttpClient$RequestExecutor.access$500(AmazonHttpClient.java:713)
at com.amazonaws.http.AmazonHttpClient$RequestExecutionBuilderImpl.execute(AmazonHttpClient.java:695)
at com.amazonaws.http.AmazonHttpClient.execute(AmazonHttpClient.java:559)
at com.amazonaws.http.AmazonHttpClient.execute(AmazonHttpClient.java:539)
at com.amazonaws.services.s3.AmazonS3Client.invoke(AmazonS3Client.java:5437)
at com.amazonaws.services.s3.AmazonS3Client.invoke(AmazonS3Client.java:5384)
at com.amazonaws.services.s3.AmazonS3Client.access$300(AmazonS3Client.java:421)
at com.amazonaws.services.s3.AmazonS3Client$PutObjectStrategy.invokeServiceCall(AmazonS3Client.java:6508)
at com.amazonaws.services.s3.AmazonS3Client.uploadObject(AmazonS3Client.java:1856)
at com.amazonaws.services.s3.AmazonS3Client.putObject(AmazonS3Client.java:1816)
at com.amazonaws.services.s3.AmazonS3Client.putObject(AmazonS3Client.java:1741)
at com.qa.opencart.tests.BaseTest.sendTestNGReports(BaseTest.java:102)
at java.base/jdk.internal.reflect.NativeMethodAccessorImpl.invoke0(Native Method)
at java.base/jdk.internal.reflect.NativeMethodAccessorImpl.invoke(NativeMethodAccessorImpl.java:64)
at java.base/jdk.internal.reflect.DelegatingMethodAccessorImpl.invoke(DelegatingMethodAccessorImpl.java:43)
at java.base/java.lang.reflect.Method.invoke(Method.java:564)
at org.testng.internal.MethodInvocationHelper.invokeMethod(MethodInvocationHelper.java:133)
at org.testng.internal.MethodInvocationHelper.invokeMethodConsideringTimeout(MethodInvocationHelper.java:62)
at org.testng.internal.ConfigInvoker.invokeConfigurationMethod(ConfigInvoker.java:385)
at org.testng.internal.ConfigInvoker.invokeConfigurations(ConfigInvoker.java:321)
at org.testng.SuiteRunner.privateRun(SuiteRunner.java:344)
at org.testng.SuiteRunner.run(SuiteRunner.java:276)
at org.testng.SuiteRunnerWorker.runSuite(SuiteRunnerWorker.java:53)
at org.testng.SuiteRunnerWorker.run(SuiteRunnerWorker.java:96)
at org.testng.TestNG.runSuitesSequentially(TestNG.java:1212)
at org.testng.TestNG.runSuitesLocally(TestNG.java:1134)
at org.testng.TestNG.runSuites(TestNG.java:1063)
at org.testng.TestNG.run(TestNG.java:1031)
at org.testng.remote.AbstractRemoteTestNG.run(AbstractRemoteTestNG.java:115)
at org.testng.remote.RemoteTestNG.initAndRun(RemoteTestNG.java:251)
at org.testng.remote.RemoteTestNG.main(RemoteTestNG.java:77)
]]>
            </full-stacktrace>
          </exception> <!-- java.lang.IllegalArgumentException -->
          <reporter-output>
          </reporter-output>
        </test-method> <!-- sendTestNGReports -->
      </class> <!-- com.qa.opencart.tests.LoginPageTest -->
    </test> <!-- Login Page Test - ch - 91.0 -->
  </suite> <!-- Open Cart Regression Test Suite -->
</testng-results>
